platforms/android/app/build/outputs/logs/manifest-merger-debug-report.txt
-- Merging decision tree log ---
manifest
ADDED from src/main/AndroidManifest.xml:2:1-14:12
INJECTED from src/main/AndroidManifest.xml:2:1-14:12
INJECTED from src/main/AndroidManifest.xml:2:1-14:12
INJECTED from src/main/AndroidManifest.xml:2:1-14:12
MERGED from [com.questps.cloudeftpossdk:CloudEftposSDK-1.6.9:] AndroidManifest.xml:2:1-106:12
MERGED from [com.android.support:appcompat-v7:27.1.1] AndroidManifest.xml:17:1-22:12
MERGED from [:CordovaLib] AndroidManifest.xml:20:1-27:12
MERGED from [com.android.support:support-fragment:27.1.1] AndroidManifest.xml:17:1-22:12
MERGED from [com.android.support:animated-vector-drawable:27.1.1] AndroidManifest.xml:17:1-22:12
MERGED from [com.android.support:support-core-ui:27.1.1] AndroidManifest.xml:17:1-22:12
MERGED from [com.android.support:support-core-utils:27.1.1] AndroidManifest.xml:17:1-22:12
MERGED from [com.android.support:support-vector-drawable:27.1.1] AndroidManifest.xml:17:1-22:12
MERGED from [com.android.support:support-compat:27.1.1] AndroidManifest.xml:17:1-22:12
MERGED from [android.arch.lifecycle:livedata-core:1.1.0] AndroidManifest.xml:17:1-22:12
MERGED from [android.arch.lifecycle:viewmodel:1.1.0] AndroidManifest.xml:17:1-22:12
MERGED from [android.arch.lifecycle:runtime:1.1.0] AndroidManifest.xml:17:1-22:12
MERGED from [android.arch.core:runtime:1.1.0] AndroidManifest.xml:17:1-22:12
INJECTED from src/main/AndroidManifest.xml:2:1-14:12
INJECTED from src/main/AndroidManifest.xml:2:1-14:12
INJECTED from src/main/AndroidManifest.xml:2:1-14:12
	package
		ADDED from src/main/AndroidManifest.xml:2:102-132
		INJECTED from src/main/AndroidManifest.xml
		INJECTED from src/main/AndroidManifest.xml
	android:versionName
		ADDED from src/main/AndroidManifest.xml:2:74-101
		INJECTED from src/main/AndroidManifest.xml
		INJECTED from src/main/AndroidManifest.xml
	android:hardwareAccelerated
		ADDED from src/main/AndroidManifest.xml:2:11-45
	xmlns:android
		ADDED from src/main/AndroidManifest.xml:2:133-191
	android:versionCode
		ADDED from src/main/AndroidManifest.xml:2:46-73
		INJECTED from src/main/AndroidManifest.xml
		INJECTED from src/main/AndroidManifest.xml
supports-screens
ADDED from src/main/AndroidManifest.xml:3:5-191
	android:largeScreens
		ADDED from src/main/AndroidManifest.xml:3:49-76
	android:smallScreens
		ADDED from src/main/AndroidManifest.xml:3:132-159
	android:normalScreens
		ADDED from src/main/AndroidManifest.xml:3:77-105
	android:xlargeScreens
		ADDED from src/main/AndroidManifest.xml:3:160-188
	android:resizeable
		ADDED from src/main/AndroidManifest.xml:3:106-131
	android:anyDensity
		ADDED from src/main/AndroidManifest.xml:3:23-48
uses-permission#android.permission.INTERNET
ADDED from src/main/AndroidManifest.xml:4:5-67
MERGED from [com.questps.cloudeftpossdk:CloudEftposSDK-1.6.9:] AndroidManifest.xml:15:5-67
MERGED from [com.questps.cloudeftpossdk:CloudEftposSDK-1.6.9:] AndroidManifest.xml:15:5-67
	android:name
		ADDED from src/main/AndroidManifest.xml:4:22-64
application
ADDED from src/main/AndroidManifest.xml:5:5-12:19
MERGED from [com.questps.cloudeftpossdk:CloudEftposSDK-1.6.9:] AndroidManifest.xml:19:5-104:19
MERGED from [com.questps.cloudeftpossdk:CloudEftposSDK-1.6.9:] AndroidManifest.xml:19:5-104:19
	android:screenOrientation
		ADDED from [com.questps.cloudeftpossdk:CloudEftposSDK-1.6.9:] AndroidManifest.xml:22:9-51
	android:supportsRtl
		ADDED from src/main/AndroidManifest.xml:5:114-140
	android:label
		ADDED from src/main/AndroidManifest.xml:5:81-113
	android:hardwareAccelerated
		ADDED from src/main/AndroidManifest.xml:5:18-52
	android:allowBackup
		ADDED from [com.questps.cloudeftpossdk:CloudEftposSDK-1.6.9:] AndroidManifest.xml:20:9-35
	android:icon
		ADDED from src/main/AndroidManifest.xml:5:53-80
activity#au.com.questps.hello.MainActivity
ADDED from src/main/AndroidManifest.xml:6:9-11:20
	android:label
		ADDED from src/main/AndroidManifest.xml:6:97-134
	android:launchMode
		ADDED from src/main/AndroidManifest.xml:6:135-165
	android:windowSoftInputMode
		ADDED from src/main/AndroidManifest.xml:6:257-299
	android:configChanges
		ADDED from src/main/AndroidManifest.xml:6:19-96
	android:theme
		ADDED from src/main/AndroidManifest.xml:6:194-256
	android:name
		ADDED from src/main/AndroidManifest.xml:6:166-193
intent-filter#action:name:android.intent.action.MAIN+category:name:android.intent.category.LAUNCHER
ADDED from src/main/AndroidManifest.xml:7:13-10:29
	android:label
		ADDED from src/main/AndroidManifest.xml:7:28-65
action#android.intent.action.MAIN
ADDED from src/main/AndroidManifest.xml:8:17-69
	android:name
		ADDED from src/main/AndroidManifest.xml:8:25-66
category#android.intent.category.LAUNCHER
ADDED from src/main/AndroidManifest.xml:9:17-77
	android:name
		ADDED from src/main/AndroidManifest.xml:9:27-74
uses-sdk
ADDED from src/main/AndroidManifest.xml:13:5-74
MERGED from [com.questps.cloudeftpossdk:CloudEftposSDK-1.6.9:] AndroidManifest.xml:7:5-9:41
MERGED from [com.questps.cloudeftpossdk:CloudEftposSDK-1.6.9:] AndroidManifest.xml:7:5-9:41
MERGED from [com.android.support:appcompat-v7:27.1.1] AndroidManifest.xml:20:5-44
MERGED from [com.android.support:appcompat-v7:27.1.1] AndroidManifest.xml:20:5-44
MERGED from [:CordovaLib] AndroidManifest.xml:25:5-44
MERGED from [:CordovaLib] AndroidManifest.xml:25:5-44
MERGED from [com.android.support:support-fragment:27.1.1] AndroidManifest.xml:20:5-44
MERGED from [com.android.support:support-fragment:27.1.1] AndroidManifest.xml:20:5-44
MERGED from [com.android.support:animated-vector-drawable:27.1.1] AndroidManifest.xml:20:5-44
MERGED from [com.android.support:animated-vector-drawable:27.1.1] AndroidManifest.xml:20:5-44
MERGED from [com.android.support:support-core-ui:27.1.1] AndroidManifest.xml:20:5-44
MERGED from [com.android.support:support-core-ui:27.1.1] AndroidManifest.xml:20:5-44
MERGED from [com.android.support:support-core-utils:27.1.1] AndroidManifest.xml:20:5-44
MERGED from [com.android.support:support-core-utils:27.1.1] AndroidManifest.xml:20:5-44
MERGED from [com.android.support:support-vector-drawable:27.1.1] AndroidManifest.xml:20:5-44
MERGED from [com.android.support:support-vector-drawable:27.1.1] AndroidManifest.xml:20:5-44
MERGED from [com.android.support:support-compat:27.1.1] AndroidManifest.xml:20:5-44
MERGED from [com.android.support:support-compat:27.1.1] AndroidManifest.xml:20:5-44
MERGED from [android.arch.lifecycle:livedata-core:1.1.0] AndroidManifest.xml:20:5-44
MERGED from [android.arch.lifecycle:livedata-core:1.1.0] AndroidManifest.xml:20:5-44
MERGED from [android.arch.lifecycle:viewmodel:1.1.0] AndroidManifest.xml:20:5-44
MERGED from [android.arch.lifecycle:viewmodel:1.1.0] AndroidManifest.xml:20:5-44
MERGED from [android.arch.lifecycle:runtime:1.1.0] AndroidManifest.xml:20:5-44
MERGED from [android.arch.lifecycle:runtime:1.1.0] AndroidManifest.xml:20:5-44
MERGED from [android.arch.core:runtime:1.1.0] AndroidManifest.xml:20:5-44
MERGED from [android.arch.core:runtime:1.1.0] AndroidManifest.xml:20:5-44
	android:targetSdkVersion
		ADDED from src/main/AndroidManifest.xml:13:42-71
	android:minSdkVersion
		ADDED from src/main/AndroidManifest.xml:13:15-41
uses-permission#android.permission.BLUETOOTH
ADDED from [com.questps.cloudeftpossdk:CloudEftposSDK-1.6.9:] AndroidManifest.xml:11:5-68
	android:name
		ADDED from [com.questps.cloudeftpossdk:CloudEftposSDK-1.6.9:] AndroidManifest.xml:11:22-65
uses-permission#android.permission.BLUETOOTH_ADMIN
ADDED from [com.questps.cloudeftpossdk:CloudEftposSDK-1.6.9:] AndroidManifest.xml:12:5-74
	android:name
		ADDED from [com.questps.cloudeftpossdk:CloudEftposSDK-1.6.9:] AndroidManifest.xml:12:22-71
uses-permission#android.permission.WRITE_EXTERNAL_STORAGE
ADDED from [com.questps.cloudeftpossdk:CloudEftposSDK-1.6.9:] AndroidManifest.xml:13:5-81
	android:name
		ADDED from [com.questps.cloudeftpossdk:CloudEftposSDK-1.6.9:] AndroidManifest.xml:13:22-78
uses-permission#android.permission.READ_EXTERNAL_STORAGE
ADDED from [com.questps.cloudeftpossdk:CloudEftposSDK-1.6.9:] AndroidManifest.xml:14:5-80
	android:name
		ADDED from [com.questps.cloudeftpossdk:CloudEftposSDK-1.6.9:] AndroidManifest.xml:14:22-77
uses-feature#android.hardware.bluetooth
ADDED from [com.questps.cloudeftpossdk:CloudEftposSDK-1.6.9:] AndroidManifest.xml:17:5-63
	android:name
		ADDED from [com.questps.cloudeftpossdk:CloudEftposSDK-1.6.9:] AndroidManifest.xml:17:19-60
activity#com.questps.cloudeftpossdk.AdvancedMenu
ADDED from [com.questps.cloudeftpossdk:CloudEftposSDK-1.6.9:] AndroidManifest.xml:23:9-29:60
	android:screenOrientation
		ADDED from [com.questps.cloudeftpossdk:CloudEftposSDK-1.6.9:] AndroidManifest.xml:28:13-55
	android:clearTaskOnLaunch
		ADDED from [com.questps.cloudeftpossdk:CloudEftposSDK-1.6.9:] AndroidManifest.xml:25:13-45
	android:label
		ADDED from [com.questps.cloudeftpossdk:CloudEftposSDK-1.6.9:] AndroidManifest.xml:27:13-42
	android:configChanges
		ADDED from [com.questps.cloudeftpossdk:CloudEftposSDK-1.6.9:] AndroidManifest.xml:26:13-63
	android:theme
		ADDED from [com.questps.cloudeftpossdk:CloudEftposSDK-1.6.9:] AndroidManifest.xml:29:13-57
	android:name
		ADDED from [com.questps.cloudeftpossdk:CloudEftposSDK-1.6.9:] AndroidManifest.xml:24:13-67
activity#com.questps.cloudeftpossdk.Diagnostics
ADDED from [com.questps.cloudeftpossdk:CloudEftposSDK-1.6.9:] AndroidManifest.xml:30:9-36:60
	android:screenOrientation
		ADDED from [com.questps.cloudeftpossdk:CloudEftposSDK-1.6.9:] AndroidManifest.xml:35:13-55
	android:clearTaskOnLaunch
		ADDED from [com.questps.cloudeftpossdk:CloudEftposSDK-1.6.9:] AndroidManifest.xml:32:13-45
	android:label
		ADDED from [com.questps.cloudeftpossdk:CloudEftposSDK-1.6.9:] AndroidManifest.xml:34:13-48
	android:configChanges
		ADDED from [com.questps.cloudeftpossdk:CloudEftposSDK-1.6.9:] AndroidManifest.xml:33:13-63
	android:theme
		ADDED from [com.questps.cloudeftpossdk:CloudEftposSDK-1.6.9:] AndroidManifest.xml:36:13-57
	android:name
		ADDED from [com.questps.cloudeftpossdk:CloudEftposSDK-1.6.9:] AndroidManifest.xml:31:13-66
activity#com.questps.cloudeftpossdk.TenderActivity
ADDED from [com.questps.cloudeftpossdk:CloudEftposSDK-1.6.9:] AndroidManifest.xml:37:9-41:52
	android:screenOrientation
		ADDED from [com.questps.cloudeftpossdk:CloudEftposSDK-1.6.9:] AndroidManifest.xml:40:13-55
	android:configChanges
		ADDED from [com.questps.cloudeftpossdk:CloudEftposSDK-1.6.9:] AndroidManifest.xml:39:13-63
	android:theme
		ADDED from [com.questps.cloudeftpossdk:CloudEftposSDK-1.6.9:] AndroidManifest.xml:41:13-49
	android:name
		ADDED from [com.questps.cloudeftpossdk:CloudEftposSDK-1.6.9:] AndroidManifest.xml:38:13-69
activity#com.questps.cloudeftpossdk.DarkTenderActivity
ADDED from [com.questps.cloudeftpossdk:CloudEftposSDK-1.6.9:] AndroidManifest.xml:42:9-46:58
	android:screenOrientation
		ADDED from [com.questps.cloudeftpossdk:CloudEftposSDK-1.6.9:] AndroidManifest.xml:45:13-55
	android:configChanges
		ADDED from [com.questps.cloudeftpossdk:CloudEftposSDK-1.6.9:] AndroidManifest.xml:44:13-63
	android:theme
		ADDED from [com.questps.cloudeftpossdk:CloudEftposSDK-1.6.9:] AndroidManifest.xml:46:13-55
	android:name
		ADDED from [com.questps.cloudeftpossdk:CloudEftposSDK-1.6.9:] AndroidManifest.xml:43:13-73
activity#com.questps.cloudeftpossdk.ModernTenderActivity
ADDED from [com.questps.cloudeftpossdk:CloudEftposSDK-1.6.9:] AndroidManifest.xml:47:9-51:56
	android:screenOrientation
		ADDED from [com.questps.cloudeftpossdk:CloudEftposSDK-1.6.9:] AndroidManifest.xml:50:13-55
	android:configChanges
		ADDED from [com.questps.cloudeftpossdk:CloudEftposSDK-1.6.9:] AndroidManifest.xml:49:13-63
	android:theme
		ADDED from [com.questps.cloudeftpossdk:CloudEftposSDK-1.6.9:] AndroidManifest.xml:51:13-53
	android:name
		ADDED from [com.questps.cloudeftpossdk:CloudEftposSDK-1.6.9:] AndroidManifest.xml:48:13-75
activity#com.questps.cloudeftpossdk.TransactionRecovery
ADDED from [com.questps.cloudeftpossdk:CloudEftposSDK-1.6.9:] AndroidManifest.xml:52:9-57:52
	android:screenOrientation
		ADDED from [com.questps.cloudeftpossdk:CloudEftposSDK-1.6.9:] AndroidManifest.xml:56:13-55
	android:label
		ADDED from [com.questps.cloudeftpossdk:CloudEftposSDK-1.6.9:] AndroidManifest.xml:55:13-63
	android:configChanges
		ADDED from [com.questps.cloudeftpossdk:CloudEftposSDK-1.6.9:] AndroidManifest.xml:54:13-63
	android:theme
		ADDED from [com.questps.cloudeftpossdk:CloudEftposSDK-1.6.9:] AndroidManifest.xml:57:13-49
	android:name
		ADDED from [com.questps.cloudeftpossdk:CloudEftposSDK-1.6.9:] AndroidManifest.xml:53:13-74
activity#com.questps.cloudeftpossdk.UpdateActivity
ADDED from [com.questps.cloudeftpossdk:CloudEftposSDK-1.6.9:] AndroidManifest.xml:58:9-63:60
	android:screenOrientation
		ADDED from [com.questps.cloudeftpossdk:CloudEftposSDK-1.6.9:] AndroidManifest.xml:62:13-55
	android:label
		ADDED from [com.questps.cloudeftpossdk:CloudEftposSDK-1.6.9:] AndroidManifest.xml:61:13-53
	android:configChanges
		ADDED from [com.questps.cloudeftpossdk:CloudEftposSDK-1.6.9:] AndroidManifest.xml:60:13-63
	android:theme
		ADDED from [com.questps.cloudeftpossdk:CloudEftposSDK-1.6.9:] AndroidManifest.xml:63:13-57
	android:name
		ADDED from [com.questps.cloudeftpossdk:CloudEftposSDK-1.6.9:] AndroidManifest.xml:59:13-69
activity#com.questps.cloudeftpossdk.DeviceListActivityLE
ADDED from [com.questps.cloudeftpossdk:CloudEftposSDK-1.6.9:] AndroidManifest.xml:64:9-70:60
	android:screenOrientation
		ADDED from [com.questps.cloudeftpossdk:CloudEftposSDK-1.6.9:] AndroidManifest.xml:69:13-55
	android:label
		ADDED from [com.questps.cloudeftpossdk:CloudEftposSDK-1.6.9:] AndroidManifest.xml:67:13-49
	android:launchMode
		ADDED from [com.questps.cloudeftpossdk:CloudEftposSDK-1.6.9:] AndroidManifest.xml:68:13-43
	android:configChanges
		ADDED from [com.questps.cloudeftpossdk:CloudEftposSDK-1.6.9:] AndroidManifest.xml:66:13-63
	android:theme
		ADDED from [com.questps.cloudeftpossdk:CloudEftposSDK-1.6.9:] AndroidManifest.xml:70:13-57
	android:name
		ADDED from [com.questps.cloudeftpossdk:CloudEftposSDK-1.6.9:] AndroidManifest.xml:65:13-75
activity#com.questps.cloudeftpossdk.LegacyDeviceListActivity
ADDED from [com.questps.cloudeftpossdk:CloudEftposSDK-1.6.9:] AndroidManifest.xml:71:9-77:60
	android:screenOrientation
		ADDED from [com.questps.cloudeftpossdk:CloudEftposSDK-1.6.9:] AndroidManifest.xml:76:13-55
	android:label
		ADDED from [com.questps.cloudeftpossdk:CloudEftposSDK-1.6.9:] AndroidManifest.xml:74:13-49
	android:launchMode
		ADDED from [com.questps.cloudeftpossdk:CloudEftposSDK-1.6.9:] AndroidManifest.xml:75:13-43
	android:configChanges
		ADDED from [com.questps.cloudeftpossdk:CloudEftposSDK-1.6.9:] AndroidManifest.xml:73:13-63
	android:theme
		ADDED from [com.questps.cloudeftpossdk:CloudEftposSDK-1.6.9:] AndroidManifest.xml:77:13-57
	android:name
		ADDED from [com.questps.cloudeftpossdk:CloudEftposSDK-1.6.9:] AndroidManifest.xml:72:13-79
activity#com.questps.cloudeftpossdk.CaptureSignature
ADDED from [com.questps.cloudeftpossdk:CloudEftposSDK-1.6.9:] AndroidManifest.xml:78:9-83:60
	android:screenOrientation
		ADDED from [com.questps.cloudeftpossdk:CloudEftposSDK-1.6.9:] AndroidManifest.xml:82:13-56
	android:label
		ADDED from [com.questps.cloudeftpossdk:CloudEftposSDK-1.6.9:] AndroidManifest.xml:81:13-53
	android:configChanges
		ADDED from [com.questps.cloudeftpossdk:CloudEftposSDK-1.6.9:] AndroidManifest.xml:80:13-63
	android:theme
		ADDED from [com.questps.cloudeftpossdk:CloudEftposSDK-1.6.9:] AndroidManifest.xml:83:13-57
	android:name
		ADDED from [com.questps.cloudeftpossdk:CloudEftposSDK-1.6.9:] AndroidManifest.xml:79:13-71
activity#com.questps.cloudeftpossdk.LogonActivity
ADDED from [com.questps.cloudeftpossdk:CloudEftposSDK-1.6.9:] AndroidManifest.xml:84:9-89:60
	android:screenOrientation
		ADDED from [com.questps.cloudeftpossdk:CloudEftposSDK-1.6.9:] AndroidManifest.xml:88:13-55
	android:label
		ADDED from [com.questps.cloudeftpossdk:CloudEftposSDK-1.6.9:] AndroidManifest.xml:87:13-42
	android:configChanges
		ADDED from [com.questps.cloudeftpossdk:CloudEftposSDK-1.6.9:] AndroidManifest.xml:86:13-63
	android:theme
		ADDED from [com.questps.cloudeftpossdk:CloudEftposSDK-1.6.9:] AndroidManifest.xml:89:13-57
	android:name
		ADDED from [com.questps.cloudeftpossdk:CloudEftposSDK-1.6.9:] AndroidManifest.xml:85:13-68
activity#com.questps.cloudeftpossdk.LoopbackTest
ADDED from [com.questps.cloudeftpossdk:CloudEftposSDK-1.6.9:] AndroidManifest.xml:90:9-99:20
	android:screenOrientation
		ADDED from [com.questps.cloudeftpossdk:CloudEftposSDK-1.6.9:] AndroidManifest.xml:94:13-55
	android:label
		ADDED from [com.questps.cloudeftpossdk:CloudEftposSDK-1.6.9:] AndroidManifest.xml:93:13-65
	android:configChanges
		ADDED from [com.questps.cloudeftpossdk:CloudEftposSDK-1.6.9:] AndroidManifest.xml:92:13-63
	android:theme
		ADDED from [com.questps.cloudeftpossdk:CloudEftposSDK-1.6.9:] AndroidManifest.xml:95:13-57
	android:name
		ADDED from [com.questps.cloudeftpossdk:CloudEftposSDK-1.6.9:] AndroidManifest.xml:91:13-67
meta-data#android.support.PARENT_ACTIVITY
ADDED from [com.questps.cloudeftpossdk:CloudEftposSDK-1.6.9:] AndroidManifest.xml:96:13-98:47
	android:value
		ADDED from [com.questps.cloudeftpossdk:CloudEftposSDK-1.6.9:] AndroidManifest.xml:98:17-44
	android:name
		ADDED from [com.questps.cloudeftpossdk:CloudEftposSDK-1.6.9:] AndroidManifest.xml:97:17-63
service#com.questps.cloudeftpossdk.SPPLEService
ADDED from [com.questps.cloudeftpossdk:CloudEftposSDK-1.6.9:] AndroidManifest.xml:101:9-103:38
	android:enabled
		ADDED from [com.questps.cloudeftpossdk:CloudEftposSDK-1.6.9:] AndroidManifest.xml:103:13-35
	android:name
		ADDED from [com.questps.cloudeftpossdk:CloudEftposSDK-1.6.9:] AndroidManifest.xml:102:13-67